Updating system with the options from the configuration file
Maximum wallclock time: 1 day, 23:30:00

Fri Jan 24 21:48:01 2025
Iteration 1 (1000 requested)
Beginning iteration 1
4 segments remain in iteration 1 (4 total)
1 of 1763 (0.056721%) active bins are populated
per-bin minimum non-zero probability:       1
per-bin maximum probability:                1
per-bin probability dynamic range (kT):     0
per-segment minimum non-zero probability:   0.2
per-segment maximum non-zero probability:   0.4
per-segment probability dynamic range (kT): 0.693147
norm = 1, error in norm = 0 (0*epsilon)
Waiting for segments to complete...
Iteration completed successfully
Iteration wallclock: 0:02:08.987953, cputime: 0:01:18.815908


Fri Jan 24 21:50:10 2025
Iteration 2 (1000 requested)
Beginning iteration 2
16 segments remain in iteration 2 (16 total)
4 of 1763 (0.226886%) active bins are populated
per-bin minimum non-zero probability:       0.2
per-bin maximum probability:                0.4
per-bin probability dynamic range (kT):     0.693147
per-segment minimum non-zero probability:   0.05
per-segment maximum non-zero probability:   0.1
per-segment probability dynamic range (kT): 0.693147
norm = 1, error in norm = 0 (0*epsilon)
Waiting for segments to complete...
-- ERROR    [westpa.core.sim_manager] -- propagation failed for 16 segment(s):
0  
1  
2  
3  
4  
5  
6  
7  
8  
9  
10  
11  
12  
13  
14  
15
exception caught; shutting down
-- ERROR    [w_run] -- error message: propagation failed for 16 segments
-- ERROR    [w_run] -- Traceback (most recent call last):
  File "/home/anugraha/.conda/envs/openmm_env/lib/python3.9/site-packages/westpa/cli/core/w_run.py", line 61, in run_simulation
    sim_manager.run()
  File "/home/anugraha/.conda/envs/openmm_env/lib/python3.9/site-packages/westpa/core/sim_manager.py", line 764, in run
    self.check_propagation()
  File "/home/anugraha/.conda/envs/openmm_env/lib/python3.9/site-packages/westpa/core/sim_manager.py", line 662, in check_propagation
    raise PropagationError('propagation failed for {:d} segments'.format(len(failed_segments)))
westpa.core.sim_manager.PropagationError: propagation failed for 16 segments

