Module conda3/4.X loaded.

This module initializes a base conda install in your current shell environment.
It takes care of `conda init`, and as such, will interfere with locally-installed 
conda; if you have a local install, it should have warned you and failed to load.

To view available environments, including your local environments and those 
installed system-wide, use: 

    conda env list

To activate an environment, use: 

    conda activate [ENVIRONMENT_NAME]

To create your own environment, you can use either the `conda` or `mamba` command.
`mamba` functions exactly the same as `conda`, and uses the same channels, while 
solving and creating environments much more efficiently. For example, you could create 
an environment containing python v3.10, pandas, and ipython with: 

    mamba create -n my-pandas-env python=3.10 pandas ipython

and activate it with `conda activate my-pandas-env`.

For more information, see https://conda.io/projects/conda/en/latest/user-guide/getting-started.html#managing-environments.
Warning: parameter in XML not found in config. Spelling error? production-only
Integrator configuration: 200000
Deleting old output directory: ./out23
Running: 	  435000  steps
Failure on step 324500
Particle coordinate is nan
stepCount:  324344.0
windowCount:  0.0
stage:  5.0
stageOneIfValueIsZeroOrNegative:  104874686336.0
stageTwoIfValueIsZeroOrNegative:  101640931992.0
stageThreeIfValueIsZeroOrNegative:  98497492992.0
stageFourIfValueIsZeroOrNegative:  90663916992.0
stageFiveIfValueIsZeroOrNegative:  -32017539008.0
Vmax_Dihedral:  2937.856045486551
Vmax_Total:  968635678.8855401
Vmin_Dihedral:  430.70641025366774
Vmin_Total:  -351.13573466870366
Vavg_Dihedral:  2557.2846322531796
Vavg_Total:  484317760.3756546
oldVavg_Dihedral:  0.0
oldVavg_Total:  0.0
sigmaV_Dihedral:  72.44512634968926
sigmaV_Total:  3.8534354735696748
M2_Dihedral:  0.0
M2_Total:  0.0
wVavg_Dihedral:  0.0
wVavg_Total:  0.0
k_Dihedral:  0.0003072897331699465
k_Total:  1.0323795202807356e-09
k0prime_Dihedral:  0.7416478202466914
k0prime_Total:  13.029415011191396
k0doubleprime_Dihedral:  0.7704213424278413
k0doubleprime_Total:  -11.029410217451225
k0doubleprime_window_Dihedral:  -0.1768722975595242
k0doubleprime_window_Total:  132.6772999622687
boosted_energy_Dihedral:  nan
boosted_energy_Total:  nan
check_boost_Dihedral:  1.0
check_boost_Total:  1.0
threshold_energy_Dihedral:  3684.964174365007
threshold_energy_Total:  968635678.8855401
thermal_energy:  2.494338785445972
collision_rate:  1.0
vscale:  0.9980019986673331
fscale:  0.001998001332666921
noisescale:  0.09978690801500796
StartingPotentialEnergy_Dihedral:  nan
StartingPotentialEnergy_Total:  nan
ForceScalingFactor_Dihedral:  nan
ForceScalingFactor_Total:  nan
BoostPotential_Dihedral:  nan
BoostPotential_Total:  nan
k0_Dihedral:  0.7704213424278413
k0_Total:  1.0
sigma0_Total:  25.104
sigma0_Dihedral:  25.104
